[INFO ] 2025-04-22 15:44:48.670 [main] Utils - [TestNG] Running:
  F:\EclipsData\OpenCart\Grouping.xml

[INFO ] 2025-04-22 15:48:51.283 [main] Utils - [TestNG] Running:
  F:\EclipsData\OpenCart\Mastertestng.xml

[INFO ] 2025-04-22 15:49:03.616 [main] TC_002_LoginTest - ****Click on MyAccount
[INFO ] 2025-04-22 15:49:04.014 [main] TC_002_LoginTest - ****Click on Login
[INFO ] 2025-04-22 15:49:53.547 [main] Utils - [TestNG] Running:
  F:\EclipsData\OpenCart\Mastertestng.xml

[INFO ] 2025-04-22 15:50:00.229 [main] TC001_RegistraionTest - ******TC001 RegistrationTest****
[INFO ] 2025-04-22 15:50:01.158 [main] TC001_RegistraionTest - ****Click on MyAccount
[INFO ] 2025-04-22 15:50:02.028 [main] TC001_RegistraionTest - ****Click on Registration
[INFO ] 2025-04-22 15:50:02.072 [main] TC001_RegistraionTest - ***Providing details****
[INFO ] 2025-04-22 15:50:06.490 [main] TC001_RegistraionTest - ****Validating expected message****
[INFO ] 2025-04-22 20:15:41.360 [main] Utils - [TestNG] Running:
  F:\EclipsData\OpenCart\Mastertestng.xml

[INFO ] 2025-04-22 20:15:58.735 [main] TC_002_LoginTest - ****Click on MyAccount
[INFO ] 2025-04-22 20:15:59.076 [main] TC_002_LoginTest - ****Click on Login
[INFO ] 2025-04-22 20:16:06.854 [main] TC001_RegistraionTest - ******TC001 RegistrationTest****
[INFO ] 2025-04-22 20:16:08.113 [main] TC001_RegistraionTest - ****Click on MyAccount
[INFO ] 2025-04-22 20:16:08.804 [main] TC001_RegistraionTest - ****Click on Registration
[INFO ] 2025-04-22 20:16:08.838 [main] TC001_RegistraionTest - ***Providing details****
[INFO ] 2025-04-22 20:16:10.862 [main] TC001_RegistraionTest - ****Validating expected message****
[INFO ] 2025-04-22 20:18:05.751 [main] Utils - [TestNG] Running:
  F:\EclipsData\OpenCart\Mastertestng.xml

[INFO ] 2025-04-22 20:18:13.533 [main] TC_002_LoginTest - ****Click on MyAccount
[INFO ] 2025-04-22 20:18:13.881 [main] TC_002_LoginTest - ****Click on Login
[INFO ] 2025-04-22 20:18:19.814 [main] TC001_RegistraionTest - ******TC001 RegistrationTest****
[INFO ] 2025-04-22 20:18:20.580 [main] TC001_RegistraionTest - ****Click on MyAccount
[INFO ] 2025-04-22 20:18:21.248 [main] TC001_RegistraionTest - ****Click on Registration
[INFO ] 2025-04-22 20:18:21.288 [main] TC001_RegistraionTest - ***Providing details****
[INFO ] 2025-04-22 20:18:23.713 [main] TC001_RegistraionTest - ****Validating expected message****
[INFO ] 2025-04-22 20:28:25.745 [main] Utils - [TestNG] Running:
  F:\EclipsData\OpenCart\Mastertestng.xml

[INFO ] 2025-04-22 20:28:35.231 [main] TC_002_LoginTest - ****Click on MyAccount
[INFO ] 2025-04-22 20:28:35.737 [main] TC_002_LoginTest - ****Click on Login
[INFO ] 2025-04-22 20:28:41.190 [main] TC001_RegistraionTest - ******TC001 RegistrationTest****
[INFO ] 2025-04-22 20:28:41.500 [main] TC001_RegistraionTest - ****Click on MyAccount
[INFO ] 2025-04-22 20:28:42.287 [main] TC001_RegistraionTest - ****Click on Registration
[INFO ] 2025-04-22 20:28:42.401 [main] TC001_RegistraionTest - ***Providing details****
[INFO ] 2025-04-22 20:28:45.085 [main] TC001_RegistraionTest - ****Validating expected message****
[INFO ] 2025-04-22 20:30:17.167 [main] Utils - [TestNG] Running:
  F:\EclipsData\OpenCart\Mastertestng.xml

[INFO ] 2025-04-22 20:30:23.347 [main] TC_002_LoginTest - ****Click on MyAccount
[INFO ] 2025-04-22 20:30:23.715 [main] TC_002_LoginTest - ****Click on Login
[INFO ] 2025-04-22 20:30:30.063 [main] TC001_RegistraionTest - ******TC001 RegistrationTest****
[INFO ] 2025-04-22 20:30:30.631 [main] TC001_RegistraionTest - ****Click on MyAccount
[INFO ] 2025-04-22 20:30:31.348 [main] TC001_RegistraionTest - ****Click on Registration
[INFO ] 2025-04-22 20:30:31.385 [main] TC001_RegistraionTest - ***Providing details****
[INFO ] 2025-04-22 20:30:33.132 [main] TC001_RegistraionTest - ****Validating expected message****
[INFO ] 2025-04-22 20:34:41.198 [main] Utils - [TestNG] Running:
  F:\EclipsData\OpenCart\Mastertestng.xml

[INFO ] 2025-04-22 20:34:57.152 [main] TC_002_LoginTest - ****Click on MyAccount
[INFO ] 2025-04-22 20:34:58.211 [main] TC_002_LoginTest - ****Click on Login
[INFO ] 2025-04-22 20:35:09.815 [main] TC001_RegistraionTest - ******TC001 RegistrationTest****
[INFO ] 2025-04-22 20:35:10.473 [main] TC001_RegistraionTest - ****Click on MyAccount
[INFO ] 2025-04-22 20:35:11.698 [main] TC001_RegistraionTest - ****Click on Registration
[INFO ] 2025-04-22 20:35:11.739 [main] TC001_RegistraionTest - ***Providing details****
[INFO ] 2025-04-22 20:35:16.543 [main] TC001_RegistraionTest - ****Validating expected message****
[INFO ] 2025-04-22 20:40:24.326 [main] Utils - [TestNG] Running:
  F:\EclipsData\OpenCart\test-output\testng-failed.xml

[INFO ] 2025-04-22 20:41:37.356 [main] Utils - [TestNG] Running:
  F:\EclipsData\OpenCart\test-output\testng-failed.xml

[INFO ] 2025-04-22 20:43:45.890 [main] Utils - [TestNG] Running:
  F:\EclipsData\OpenCart\test-output\testng-failed.xml

