[INFO ] 2025-04-21 19:38:09.095 [main] Utils - [TestNG] Running:
  F:\EclipsData\OpenCart\Mastertestng.xml

[INFO ] 2025-04-21 19:38:36.431 [main] TC_002_LoginTest - ****Click on MyAccount
[INFO ] 2025-04-21 19:38:37.414 [main] TC_002_LoginTest - ****Click on Login
[INFO ] 2025-04-21 21:40:56.981 [main] Utils - [Utils] MethodGroupsHelper.collectMethodsByGroup() took 1 ms.
[INFO ] 2025-04-21 21:40:57.033 [main] Utils - [Utils] MethodGroupsHelper.sortMethods() took 1 ms.
[INFO ] 2025-04-21 21:40:57.045 [main] Utils - [Utils] MethodGroupsHelper.collectMethodsByGroup() took 0 ms.
[INFO ] 2025-04-21 21:40:57.045 [main] Utils - [Utils] MethodGroupsHelper.sortMethods() took 0 ms.
[INFO ] 2025-04-21 21:40:57.047 [main] Utils - [Utils] MethodGroupsHelper.collectMethodsByGroup() took 0 ms.
[INFO ] 2025-04-21 21:40:57.047 [main] Utils - [Utils] MethodGroupsHelper.sortMethods() took 0 ms.
[INFO ] 2025-04-21 21:40:57.049 [main] Utils - [Utils] MethodGroupsHelper.collectMethodsByGroup() took 0 ms.
[INFO ] 2025-04-21 21:40:57.049 [main] Utils - [Utils] MethodGroupsHelper.sortMethods() took 0 ms.
[INFO ] 2025-04-21 21:40:57.081 [main] Utils - [Utils] MethodGroupsHelper.collectMethodsByGroup() took 21 ms.
[INFO ] 2025-04-21 21:40:57.147 [main] Utils - [Utils] MethodGroupsHelper.sortMethods() took 65 ms.
[INFO ] 2025-04-21 21:40:57.154 [main] Utils - [Utils] MethodGroupsHelper.collectMethodsByGroup() took 3 ms.
[INFO ] 2025-04-21 21:40:57.163 [main] Utils - [Utils] MethodGroupsHelper.sortMethods() took 7 ms.
[INFO ] 2025-04-21 21:40:57.167 [main] Utils - [Utils] MethodGroupsHelper.collectMethodsByGroup() took 0 ms.
[INFO ] 2025-04-21 21:40:57.167 [main] Utils - [Utils] MethodGroupsHelper.sortMethods() took 0 ms.
[INFO ] 2025-04-21 21:40:57.175 [main] Utils - [Utils] MethodGroupsHelper.collectMethodsByGroup() took 0 ms.
[INFO ] 2025-04-21 21:40:57.176 [main] Utils - [Utils] MethodGroupsHelper.sortMethods() took 0 ms.
[INFO ] 2025-04-21 21:40:57.181 [main] Utils - [Utils] MethodGroupsHelper.collectMethodsByGroup() took 0 ms.
[INFO ] 2025-04-21 21:40:57.182 [main] Utils - [Utils] MethodGroupsHelper.sortMethods() took 0 ms.
[INFO ] 2025-04-21 21:40:57.183 [main] Utils - [Utils] MethodGroupsHelper.collectMethodsByGroup() took 0 ms.
[INFO ] 2025-04-21 21:40:57.184 [main] Utils - [Utils] MethodGroupsHelper.sortMethods() took 0 ms.
[INFO ] 2025-04-21 21:40:57.210 [main] Utils - [Utils] MethodGroupsHelper.collectMethodsByGroup() took 0 ms.
[INFO ] 2025-04-21 21:40:57.210 [main] Utils - [Utils] MethodGroupsHelper.sortMethods() took 0 ms.
[INFO ] 2025-04-21 21:40:57.210 [main] Utils - [Utils] MethodGroupsHelper.collectMethodsByGroup() took 0 ms.
[INFO ] 2025-04-21 21:40:57.211 [main] Utils - [Utils] MethodGroupsHelper.sortMethods() took 0 ms.
[INFO ] 2025-04-21 21:40:57.212 [main] Utils - [Utils] MethodGroupsHelper.collectMethodsByGroup() took 0 ms.
[INFO ] 2025-04-21 21:40:57.213 [main] Utils - [Utils] MethodGroupsHelper.sortMethods() took 0 ms.
[INFO ] 2025-04-21 21:40:57.215 [main] Utils - [Utils] MethodGroupsHelper.collectMethodsByGroup() took 0 ms.
[INFO ] 2025-04-21 21:40:57.216 [main] Utils - [Utils] MethodGroupsHelper.sortMethods() took 0 ms.
[INFO ] 2025-04-21 21:40:57.216 [main] Utils - [Utils] MethodGroupsHelper.collectMethodsByGroup() took 0 ms.
[INFO ] 2025-04-21 21:40:57.216 [main] Utils - [Utils] MethodGroupsHelper.sortMethods() took 0 ms.
[INFO ] 2025-04-21 21:40:57.276 [main] Utils - [TestNG] Running:
  C:\Users\Hp\AppData\Local\Temp\testng-eclipse-1927466711\testng-customsuite.xml

[INFO ] 2025-04-21 21:40:57.392 [main] Utils - [Utils] DynamicGraphHelper.createDynamicGraph() took 24 ms.
[INFO ] 2025-04-21 21:40:59.096 [main] Utils - [TestNG] Time taken by org.testng.reporters.jq.Main@2eced48b: 853 ms
[INFO ] 2025-04-21 21:40:59.246 [main] Utils - [TestNG] Time taken by org.testng.reporters.FailedReporter@463b4ac8: 150 ms
[INFO ] 2025-04-21 21:40:59.296 [main] Utils - [TestNG] Time taken by org.testng.reporters.XMLReporter@40f70521: 49 ms
[INFO ] 2025-04-21 21:40:59.347 [main] Utils - [TestNG] Time taken by org.testng.reporters.EmailableReporter2@5bd82fed: 50 ms
[INFO ] 2025-04-21 21:40:59.394 [main] Utils - [TestNG] Time taken by org.testng.reporters.JUnitReportReporter@3eeb318f: 47 ms
[INFO ] 2025-04-21 21:40:59.395 [main] Utils - [TestNG] Time taken by org.testng.internal.ExitCodeListener@20a14b55: 0 ms
[INFO ] 2025-04-21 21:43:42.218 [main] Utils - [Utils] MethodGroupsHelper.collectMethodsByGroup() took 1 ms.
[INFO ] 2025-04-21 21:43:42.245 [main] Utils - [Utils] MethodGroupsHelper.sortMethods() took 3 ms.
[INFO ] 2025-04-21 21:43:42.253 [main] Utils - [Utils] MethodGroupsHelper.collectMethodsByGroup() took 0 ms.
[INFO ] 2025-04-21 21:43:42.253 [main] Utils - [Utils] MethodGroupsHelper.sortMethods() took 0 ms.
[INFO ] 2025-04-21 21:43:42.255 [main] Utils - [Utils] MethodGroupsHelper.collectMethodsByGroup() took 0 ms.
[INFO ] 2025-04-21 21:43:42.255 [main] Utils - [Utils] MethodGroupsHelper.sortMethods() took 0 ms.
[INFO ] 2025-04-21 21:43:42.278 [main] Utils - [Utils] MethodGroupsHelper.collectMethodsByGroup() took 0 ms.
[INFO ] 2025-04-21 21:43:42.278 [main] Utils - [Utils] MethodGroupsHelper.sortMethods() took 0 ms.
[INFO ] 2025-04-21 21:43:42.296 [main] Utils - [Utils] MethodGroupsHelper.collectMethodsByGroup() took 10 ms.
[INFO ] 2025-04-21 21:43:42.316 [main] Utils - [Utils] MethodGroupsHelper.sortMethods() took 18 ms.
[INFO ] 2025-04-21 21:43:42.319 [main] Utils - [Utils] MethodGroupsHelper.collectMethodsByGroup() took 1 ms.
[INFO ] 2025-04-21 21:43:42.320 [main] Utils - [Utils] MethodGroupsHelper.sortMethods() took 1 ms.
[INFO ] 2025-04-21 21:43:42.321 [main] Utils - [Utils] MethodGroupsHelper.collectMethodsByGroup() took 0 ms.
[INFO ] 2025-04-21 21:43:42.322 [main] Utils - [Utils] MethodGroupsHelper.sortMethods() took 1 ms.
[INFO ] 2025-04-21 21:43:42.323 [main] Utils - [Utils] MethodGroupsHelper.collectMethodsByGroup() took 0 ms.
[INFO ] 2025-04-21 21:43:42.323 [main] Utils - [Utils] MethodGroupsHelper.sortMethods() took 0 ms.
[INFO ] 2025-04-21 21:43:42.327 [main] Utils - [Utils] MethodGroupsHelper.collectMethodsByGroup() took 0 ms.
[INFO ] 2025-04-21 21:43:42.327 [main] Utils - [Utils] MethodGroupsHelper.sortMethods() took 0 ms.
[INFO ] 2025-04-21 21:43:42.328 [main] Utils - [Utils] MethodGroupsHelper.collectMethodsByGroup() took 0 ms.
[INFO ] 2025-04-21 21:43:42.328 [main] Utils - [Utils] MethodGroupsHelper.sortMethods() took 0 ms.
[INFO ] 2025-04-21 21:43:42.334 [main] Utils - [Utils] MethodGroupsHelper.collectMethodsByGroup() took 0 ms.
[INFO ] 2025-04-21 21:43:42.335 [main] Utils - [Utils] MethodGroupsHelper.sortMethods() took 0 ms.
[INFO ] 2025-04-21 21:43:42.335 [main] Utils - [Utils] MethodGroupsHelper.collectMethodsByGroup() took 0 ms.
[INFO ] 2025-04-21 21:43:42.335 [main] Utils - [Utils] MethodGroupsHelper.sortMethods() took 0 ms.
[INFO ] 2025-04-21 21:43:42.337 [main] Utils - [Utils] MethodGroupsHelper.collectMethodsByGroup() took 1 ms.
[INFO ] 2025-04-21 21:43:42.337 [main] Utils - [Utils] MethodGroupsHelper.sortMethods() took 0 ms.
[INFO ] 2025-04-21 21:43:42.340 [main] Utils - [Utils] MethodGroupsHelper.collectMethodsByGroup() took 0 ms.
[INFO ] 2025-04-21 21:43:42.340 [main] Utils - [Utils] MethodGroupsHelper.sortMethods() took 0 ms.
[INFO ] 2025-04-21 21:43:42.340 [main] Utils - [Utils] MethodGroupsHelper.collectMethodsByGroup() took 0 ms.
[INFO ] 2025-04-21 21:43:42.340 [main] Utils - [Utils] MethodGroupsHelper.sortMethods() took 0 ms.
[INFO ] 2025-04-21 21:43:42.355 [main] Utils - [TestNG] Running:
  C:\Users\Hp\AppData\Local\Temp\testng-eclipse-1506383372\testng-customsuite.xml

[INFO ] 2025-04-21 21:43:42.397 [main] Utils - [Utils] DynamicGraphHelper.createDynamicGraph() took 7 ms.
[INFO ] 2025-04-21 21:43:44.090 [main] Utils - [TestNG] Time taken by org.testng.reporters.jq.Main@2eced48b: 1236 ms
[INFO ] 2025-04-21 21:43:44.460 [main] Utils - [TestNG] Time taken by org.testng.reporters.FailedReporter@463b4ac8: 369 ms
[INFO ] 2025-04-21 21:43:44.761 [main] Utils - [TestNG] Time taken by org.testng.reporters.XMLReporter@40f70521: 299 ms
[INFO ] 2025-04-21 21:43:44.792 [main] Utils - [TestNG] Time taken by org.testng.reporters.EmailableReporter2@5bd82fed: 30 ms
[INFO ] 2025-04-21 21:43:44.826 [main] Utils - [TestNG] Time taken by org.testng.reporters.JUnitReportReporter@17a87e37: 33 ms
[INFO ] 2025-04-21 21:43:44.826 [main] Utils - [TestNG] Time taken by org.testng.internal.ExitCodeListener@3eeb318f: 0 ms
[INFO ] 2025-04-21 21:47:00.555 [main] Utils - [Utils] MethodGroupsHelper.collectMethodsByGroup() took 1 ms.
[INFO ] 2025-04-21 21:47:00.624 [main] Utils - [Utils] MethodGroupsHelper.sortMethods() took 10 ms.
[INFO ] 2025-04-21 21:47:00.635 [main] Utils - [Utils] MethodGroupsHelper.collectMethodsByGroup() took 0 ms.
[INFO ] 2025-04-21 21:47:00.636 [main] Utils - [Utils] MethodGroupsHelper.sortMethods() took 0 ms.
[INFO ] 2025-04-21 21:47:00.637 [main] Utils - [Utils] MethodGroupsHelper.collectMethodsByGroup() took 0 ms.
[INFO ] 2025-04-21 21:47:00.637 [main] Utils - [Utils] MethodGroupsHelper.sortMethods() took 0 ms.
[INFO ] 2025-04-21 21:47:00.638 [main] Utils - [Utils] MethodGroupsHelper.collectMethodsByGroup() took 0 ms.
[INFO ] 2025-04-21 21:47:00.639 [main] Utils - [Utils] MethodGroupsHelper.sortMethods() took 0 ms.
[INFO ] 2025-04-21 21:47:00.666 [main] Utils - [Utils] MethodGroupsHelper.collectMethodsByGroup() took 23 ms.
[INFO ] 2025-04-21 21:47:00.704 [main] Utils - [Utils] MethodGroupsHelper.sortMethods() took 36 ms.
[INFO ] 2025-04-21 21:47:00.707 [main] Utils - [Utils] MethodGroupsHelper.collectMethodsByGroup() took 0 ms.
[INFO ] 2025-04-21 21:47:00.708 [main] Utils - [Utils] MethodGroupsHelper.sortMethods() took 1 ms.
[INFO ] 2025-04-21 21:47:00.709 [main] Utils - [Utils] MethodGroupsHelper.collectMethodsByGroup() took 0 ms.
[INFO ] 2025-04-21 21:47:00.709 [main] Utils - [Utils] MethodGroupsHelper.sortMethods() took 0 ms.
[INFO ] 2025-04-21 21:47:00.710 [main] Utils - [Utils] MethodGroupsHelper.collectMethodsByGroup() took 0 ms.
[INFO ] 2025-04-21 21:47:00.710 [main] Utils - [Utils] MethodGroupsHelper.sortMethods() took 0 ms.
[INFO ] 2025-04-21 21:47:00.713 [main] Utils - [Utils] MethodGroupsHelper.collectMethodsByGroup() took 0 ms.
[INFO ] 2025-04-21 21:47:00.714 [main] Utils - [Utils] MethodGroupsHelper.sortMethods() took 0 ms.
[INFO ] 2025-04-21 21:47:00.725 [main] Utils - [Utils] MethodGroupsHelper.collectMethodsByGroup() took 1 ms.
[INFO ] 2025-04-21 21:47:00.728 [main] Utils - [Utils] MethodGroupsHelper.sortMethods() took 0 ms.
[INFO ] 2025-04-21 21:47:00.741 [main] Utils - [Utils] MethodGroupsHelper.collectMethodsByGroup() took 0 ms.
[INFO ] 2025-04-21 21:47:00.742 [main] Utils - [Utils] MethodGroupsHelper.sortMethods() took 0 ms.
[INFO ] 2025-04-21 21:47:00.742 [main] Utils - [Utils] MethodGroupsHelper.collectMethodsByGroup() took 0 ms.
[INFO ] 2025-04-21 21:47:00.742 [main] Utils - [Utils] MethodGroupsHelper.sortMethods() took 0 ms.
[INFO ] 2025-04-21 21:47:00.744 [main] Utils - [Utils] MethodGroupsHelper.collectMethodsByGroup() took 0 ms.
[INFO ] 2025-04-21 21:47:00.744 [main] Utils - [Utils] MethodGroupsHelper.sortMethods() took 0 ms.
[INFO ] 2025-04-21 21:47:00.746 [main] Utils - [Utils] MethodGroupsHelper.collectMethodsByGroup() took 0 ms.
[INFO ] 2025-04-21 21:47:00.747 [main] Utils - [Utils] MethodGroupsHelper.sortMethods() took 0 ms.
[INFO ] 2025-04-21 21:47:00.747 [main] Utils - [Utils] MethodGroupsHelper.collectMethodsByGroup() took 0 ms.
[INFO ] 2025-04-21 21:47:00.747 [main] Utils - [Utils] MethodGroupsHelper.sortMethods() took 0 ms.
[INFO ] 2025-04-21 21:47:00.778 [main] Utils - [TestNG] Running:
  C:\Users\Hp\AppData\Local\Temp\testng-eclipse-745443637\testng-customsuite.xml

[INFO ] 2025-04-21 21:47:00.869 [main] Utils - [Utils] DynamicGraphHelper.createDynamicGraph() took 23 ms.
[INFO ] 2025-04-21 21:47:02.367 [main] Utils - [TestNG] Time taken by org.testng.reporters.jq.Main@1c3146bc: 695 ms
[INFO ] 2025-04-21 21:47:02.539 [main] Utils - [TestNG] Time taken by org.testng.reporters.FailedReporter@3d3ba765: 172 ms
[INFO ] 2025-04-21 21:47:02.643 [main] Utils - [TestNG] Time taken by org.testng.reporters.XMLReporter@758a34ce: 76 ms
[INFO ] 2025-04-21 21:47:02.688 [main] Utils - [TestNG] Time taken by org.testng.reporters.EmailableReporter2@a4ca3f6: 44 ms
[INFO ] 2025-04-21 21:47:02.722 [main] Utils - [TestNG] Time taken by org.testng.reporters.JUnitReportReporter@2ccca26f: 32 ms
[INFO ] 2025-04-21 21:47:02.723 [main] Utils - [TestNG] Time taken by org.testng.internal.ExitCodeListener@66b7550d: 0 ms
[INFO ] 2025-04-21 21:50:55.682 [main] Utils - [TestNG] Running:
  F:\EclipsData\OpenCart\Mastertestng.xml

[INFO ] 2025-04-21 21:51:13.501 [main] TC001_RegistraionTest - ******TC001 RegistrationTest****
[INFO ] 2025-04-21 21:51:14.265 [main] TC001_RegistraionTest - ****Click on MyAccount
[INFO ] 2025-04-21 21:51:15.003 [main] TC001_RegistraionTest - ****Click on Registration
[INFO ] 2025-04-21 21:51:15.033 [main] TC001_RegistraionTest - ***Providing details****
[INFO ] 2025-04-21 21:51:17.616 [main] TC001_RegistraionTest - ****Validating expected message****
[INFO ] 2025-04-21 21:52:13.737 [main] Utils - [Utils] MethodGroupsHelper.collectMethodsByGroup() took 0 ms.
[INFO ] 2025-04-21 21:52:13.778 [main] Utils - [Utils] MethodGroupsHelper.sortMethods() took 1 ms.
[INFO ] 2025-04-21 21:52:13.781 [main] Utils - [Utils] MethodGroupsHelper.collectMethodsByGroup() took 0 ms.
[INFO ] 2025-04-21 21:52:13.781 [main] Utils - [Utils] MethodGroupsHelper.sortMethods() took 0 ms.
[INFO ] 2025-04-21 21:52:13.783 [main] Utils - [Utils] MethodGroupsHelper.collectMethodsByGroup() took 0 ms.
[INFO ] 2025-04-21 21:52:13.785 [main] Utils - [Utils] MethodGroupsHelper.sortMethods() took 0 ms.
[INFO ] 2025-04-21 21:52:13.789 [main] Utils - [Utils] MethodGroupsHelper.collectMethodsByGroup() took 0 ms.
[INFO ] 2025-04-21 21:52:13.790 [main] Utils - [Utils] MethodGroupsHelper.sortMethods() took 0 ms.
[INFO ] 2025-04-21 21:52:13.808 [main] Utils - [Utils] MethodGroupsHelper.collectMethodsByGroup() took 10 ms.
[INFO ] 2025-04-21 21:52:13.845 [main] Utils - [Utils] MethodGroupsHelper.sortMethods() took 37 ms.
[INFO ] 2025-04-21 21:52:13.849 [main] Utils - [Utils] MethodGroupsHelper.collectMethodsByGroup() took 1 ms.
[INFO ] 2025-04-21 21:52:13.853 [main] Utils - [Utils] MethodGroupsHelper.sortMethods() took 2 ms.
[INFO ] 2025-04-21 21:52:13.871 [main] Utils - [Utils] MethodGroupsHelper.collectMethodsByGroup() took 0 ms.
[INFO ] 2025-04-21 21:52:13.871 [main] Utils - [Utils] MethodGroupsHelper.sortMethods() took 0 ms.
[INFO ] 2025-04-21 21:52:13.872 [main] Utils - [Utils] MethodGroupsHelper.collectMethodsByGroup() took 0 ms.
[INFO ] 2025-04-21 21:52:13.873 [main] Utils - [Utils] MethodGroupsHelper.sortMethods() took 1 ms.
[INFO ] 2025-04-21 21:52:13.875 [main] Utils - [Utils] MethodGroupsHelper.collectMethodsByGroup() took 0 ms.
[INFO ] 2025-04-21 21:52:13.876 [main] Utils - [Utils] MethodGroupsHelper.sortMethods() took 0 ms.
[INFO ] 2025-04-21 21:52:13.877 [main] Utils - [Utils] MethodGroupsHelper.collectMethodsByGroup() took 0 ms.
[INFO ] 2025-04-21 21:52:13.877 [main] Utils - [Utils] MethodGroupsHelper.sortMethods() took 0 ms.
[INFO ] 2025-04-21 21:52:13.891 [main] Utils - [Utils] MethodGroupsHelper.collectMethodsByGroup() took 0 ms.
[INFO ] 2025-04-21 21:52:13.892 [main] Utils - [Utils] MethodGroupsHelper.sortMethods() took 0 ms.
[INFO ] 2025-04-21 21:52:13.893 [main] Utils - [Utils] MethodGroupsHelper.collectMethodsByGroup() took 0 ms.
[INFO ] 2025-04-21 21:52:13.894 [main] Utils - [Utils] MethodGroupsHelper.sortMethods() took 0 ms.
[INFO ] 2025-04-21 21:52:13.896 [main] Utils - [Utils] MethodGroupsHelper.collectMethodsByGroup() took 1 ms.
[INFO ] 2025-04-21 21:52:13.897 [main] Utils - [Utils] MethodGroupsHelper.sortMethods() took 0 ms.
[INFO ] 2025-04-21 21:52:13.901 [main] Utils - [Utils] MethodGroupsHelper.collectMethodsByGroup() took 0 ms.
[INFO ] 2025-04-21 21:52:13.902 [main] Utils - [Utils] MethodGroupsHelper.sortMethods() took 0 ms.
[INFO ] 2025-04-21 21:52:13.903 [main] Utils - [Utils] MethodGroupsHelper.collectMethodsByGroup() took 0 ms.
[INFO ] 2025-04-21 21:52:13.904 [main] Utils - [Utils] MethodGroupsHelper.sortMethods() took 0 ms.
[INFO ] 2025-04-21 21:52:13.924 [main] Utils - [TestNG] Running:
  C:\Users\Hp\AppData\Local\Temp\testng-eclipse-278954471\testng-customsuite.xml

[INFO ] 2025-04-21 21:52:13.987 [main] Utils - [Utils] DynamicGraphHelper.createDynamicGraph() took 19 ms.
[INFO ] 2025-04-21 21:52:15.644 [main] Utils - [TestNG] Time taken by org.testng.reporters.jq.Main@2eced48b: 965 ms
[INFO ] 2025-04-21 21:52:15.803 [main] Utils - [TestNG] Time taken by org.testng.reporters.FailedReporter@463b4ac8: 159 ms
[INFO ] 2025-04-21 21:52:15.833 [main] Utils - [TestNG] Time taken by org.testng.reporters.XMLReporter@40f70521: 29 ms
[INFO ] 2025-04-21 21:52:15.874 [main] Utils - [TestNG] Time taken by org.testng.reporters.EmailableReporter2@5bd82fed: 41 ms
[INFO ] 2025-04-21 21:52:15.928 [main] Utils - [TestNG] Time taken by org.testng.reporters.JUnitReportReporter@17a87e37: 53 ms
[INFO ] 2025-04-21 21:52:15.928 [main] Utils - [TestNG] Time taken by org.testng.internal.ExitCodeListener@3eeb318f: 0 ms
